<?xml version="1.0" encoding="UTF-8"?>
<testng-results skipped="0" failed="0" ignored="0" total="1" passed="1">
  <reporter-output>
  </reporter-output>
  <suite name="Default suite" duration-ms="20216" started-at="2019-06-04T10:48:02Z" finished-at="2019-06-04T10:48:22Z">
    <groups>
    </groups>
    <test name="Default test" duration-ms="20216" started-at="2019-06-04T10:48:02Z" finished-at="2019-06-04T10:48:22Z">
      <class name="learnSelenium.KeypressDemo1">
        <test-method status="PASS" signature="setUp()[pri:0, instance:learnSelenium.KeypressDemo1@cb5822]" name="setUp" is-config="true" duration-ms="9191" started-at="2019-06-04T10:48:02Z" finished-at="2019-06-04T10:48:11Z">
          <reporter-output>
          </reporter-output>
        </test-method> <!-- setUp -->
        <test-method status="PASS" signature="test()[pri:0, instance:learnSelenium.KeypressDemo1@cb5822]" name="test" duration-ms="10873" started-at="2019-06-04T10:48:11Z" finished-at="2019-06-04T10:48:22Z">
          <reporter-output>
          </reporter-output>
        </test-method> <!-- test -->
        <test-method status="PASS" signature="tearDown()[pri:0, instance:learnSelenium.KeypressDemo1@cb5822]" name="tearDown" is-config="true" duration-ms="136" started-at="2019-06-04T10:48:22Z" finished-at="2019-06-04T10:48:22Z">
          <reporter-output>
          </reporter-output>
        </test-method> <!-- tearDown -->
      </class> <!-- learnSelenium.KeypressDemo1 -->
    </test> <!-- Default test -->
  </suite> <!-- Default suite -->
</testng-results>
